# JRE version: Java(TM) SE Runtime Environment (8.0_202-b08) (build 1.8.0_202-b08)
# Java VM: Java HotSpot(TM) 64-Bit Server VM (25.202-b08 mixed mode windows-amd64 compressed oops)
Heap:
 PSYoungGen      total 116736K, used 111768K [0x000000076e000000, 0x000000077c880000, 0x00000007c0000000)
  eden space 106496K, 95% used [0x000000076e000000,0x000000077432c630,0x0000000774800000)
  from space 10240K, 99% used [0x0000000774800000,0x00000007751f9c50,0x0000000775200000)
  to   space 23552K, 0% used [0x000000077b180000,0x000000077b180000,0x000000077c880000)
 ParOldGen       total 114176K, used 32968K [0x00000006ca000000, 0x00000006d0f80000, 0x000000076e000000)
  object space 114176K, 28% used [0x00000006ca000000,0x00000006cc032388,0x00000006d0f80000)
 Metaspace       used 31341K, capacity 31585K, committed 31920K, reserved 1077248K
  class space    used 4129K, capacity 4199K, committed 4272K, reserved 1048576K
GC Heap History (10 events):
Event: 1.217 GC heap before
{Heap before GC invocations=2 (full 1):
 PSYoungGen      total 73728K, used 6019K [0x000000076e000000, 0x0000000773200000, 0x00000007c0000000)
  eden space 63488K, 0% used [0x000000076e000000,0x000000076e000000,0x0000000771e00000)
  from space 10240K, 58% used [0x0000000771e00000,0x00000007723e0f48,0x0000000772800000)
  to   space 10240K, 0% used [0x0000000772800000,0x0000000772800000,0x0000000773200000)
 ParOldGen       total 167936K, used 72K [0x00000006ca000000, 0x00000006d4400000, 0x000000076e000000)
  object space 167936K, 0% used [0x00000006ca000000,0x00000006ca012010,0x00000006d4400000)
 Metaspace       used 21153K, capacity 21256K, committed 21296K, reserved 1067008K
  class space    used 3056K, capacity 3094K, committed 3120K, reserved 1048576K
Event: 1.231 GC heap after
Heap after GC invocations=2 (full 1):
 PSYoungGen      total 73728K, used 0K [0x000000076e000000, 0x0000000773200000, 0x00000007c0000000)
  eden space 63488K, 0% used [0x000000076e000000,0x000000076e000000,0x0000000771e00000)
  from space 10240K, 0% used [0x0000000771e00000,0x0000000771e00000,0x0000000772800000)
  to   space 10240K, 0% used [0x0000000772800000,0x0000000772800000,0x0000000773200000)
 ParOldGen       total 114176K, used 5728K [0x00000006ca000000, 0x00000006d0f80000, 0x000000076e000000)
  object space 114176K, 5% used [0x00000006ca000000,0x00000006ca598118,0x00000006d0f80000)
 Metaspace       used 21153K, capacity 21256K, committed 21296K, reserved 1067008K
  class space    used 3056K, capacity 3094K, committed 3120K, reserved 1048576K
}
Event: 1.902 GC heap before
{Heap before GC invocations=3 (full 1):
 PSYoungGen      total 73728K, used 63488K [0x000000076e000000, 0x0000000773200000, 0x00000007c0000000)
  eden space 63488K, 100% used [0x000000076e000000,0x0000000771e00000,0x0000000771e00000)
  from space 10240K, 0% used [0x0000000771e00000,0x0000000771e00000,0x0000000772800000)
  to   space 10240K, 0% used [0x0000000772800000,0x0000000772800000,0x0000000773200000)
 ParOldGen       total 114176K, used 5728K [0x00000006ca000000, 0x00000006d0f80000, 0x000000076e000000)
  object space 114176K, 5% used [0x00000006ca000000,0x00000006ca598118,0x00000006d0f80000)
 Metaspace       used 26385K, capacity 26570K, committed 26928K, reserved 1073152K
  class space    used 3722K, capacity 3777K, committed 3888K, reserved 1048576K
Event: 1.909 GC heap after
Heap after GC invocations=3 (full 1):
 PSYoungGen      total 73728K, used 7507K [0x000000076e000000, 0x0000000774b00000, 0x00000007c0000000)
  eden space 63488K, 0% used [0x000000076e000000,0x000000076e000000,0x0000000771e00000)
  from space 10240K, 73% used [0x0000000772800000,0x0000000772f54cb0,0x0000000773200000)
  to   space 10240K, 0% used [0x0000000771e00000,0x0000000771e00000,0x0000000772800000)
 ParOldGen       total 114176K, used 15976K [0x00000006ca000000, 0x00000006d0f80000, 0x000000076e000000)
  object space 114176K, 13% used [0x00000006ca000000,0x00000006caf9a128,0x00000006d0f80000)
 Metaspace       used 26385K, capacity 26570K, committed 26928K, reserved 1073152K
  class space    used 3722K, capacity 3777K, committed 3888K, reserved 1048576K
}
Event: 1.989 GC heap before
{Heap before GC invocations=4 (full 1):
 PSYoungGen      total 73728K, used 70995K [0x000000076e000000, 0x0000000774b00000, 0x00000007c0000000)
  eden space 63488K, 100% used [0x000000076e000000,0x0000000771e00000,0x0000000771e00000)
  from space 10240K, 73% used [0x0000000772800000,0x0000000772f54cb0,0x0000000773200000)
  to   space 10240K, 0% used [0x0000000771e00000,0x0000000771e00000,0x0000000772800000)
 ParOldGen       total 114176K, used 15976K [0x00000006ca000000, 0x00000006d0f80000, 0x000000076e000000)
  object space 114176K, 13% used [0x00000006ca000000,0x00000006caf9a128,0x00000006d0f80000)
 Metaspace       used 26394K, capacity 26570K, committed 26928K, reserved 1073152K
  class space    used 3722K, capacity 3777K, committed 3888K, reserved 1048576K
Event: 1.994 GC heap after
Heap after GC invocations=4 (full 1):
 PSYoungGen      total 73728K, used 9408K [0x000000076e000000, 0x0000000775c00000, 0x00000007c0000000)
  eden space 63488K, 0% used [0x000000076e000000,0x000000076e000000,0x0000000771e00000)
  from space 10240K, 91% used [0x0000000771e00000,0x0000000772730010,0x0000000772800000)
  to   space 10240K, 0% used [0x0000000775200000,0x0000000775200000,0x0000000775c00000)
 ParOldGen       total 114176K, used 15984K [0x00000006ca000000, 0x00000006d0f80000, 0x000000076e000000)
  object space 114176K, 13% used [0x00000006ca000000,0x00000006caf9c128,0x00000006d0f80000)
 Metaspace       used 26394K, capacity 26570K, committed 26928K, reserved 1073152K
  class space    used 3722K, capacity 3777K, committed 3888K, reserved 1048576K
}
Event: 2.057 GC heap before
{Heap before GC invocations=5 (full 1):
 PSYoungGen      total 73728K, used 72896K [0x000000076e000000, 0x0000000775c00000, 0x00000007c0000000)
  eden space 63488K, 100% used [0x000000076e000000,0x0000000771e00000,0x0000000771e00000)
  from space 10240K, 91% used [0x0000000771e00000,0x0000000772730010,0x0000000772800000)
  to   space 10240K, 0% used [0x0000000775200000,0x0000000775200000,0x0000000775c00000)
 ParOldGen       total 114176K, used 15984K [0x00000006ca000000, 0x00000006d0f80000, 0x000000076e000000)
  object space 114176K, 13% used [0x00000006ca000000,0x00000006caf9c128,0x00000006d0f80000)
 Metaspace       used 26394K, capacity 26570K, committed 26928K, reserved 1073152K
  class space    used 3722K, capacity 3777K, committed 3888K, reserved 1048576K
Event: 2.062 GC heap after
Heap after GC invocations=5 (full 1):
 PSYoungGen      total 116736K, used 10224K [0x000000076e000000, 0x0000000776180000, 0x00000007c0000000)
  eden space 106496K, 0% used [0x000000076e000000,0x000000076e000000,0x0000000774800000)
  from space 10240K, 99% used [0x0000000775200000,0x0000000775bfc130,0x0000000775c00000)
  to   space 10240K, 0% used [0x0000000774800000,0x0000000774800000,0x0000000775200000)
 ParOldGen       total 114176K, used 19304K [0x00000006ca000000, 0x00000006d0f80000, 0x000000076e000000)
  object space 114176K, 16% used [0x00000006ca000000,0x00000006cb2da138,0x00000006d0f80000)
 Metaspace       used 26394K, capacity 26570K, committed 26928K, reserved 1073152K
  class space    used 3722K, capacity 3777K, committed 3888K, reserved 1048576K
}
Event: 2.206 GC heap before
{Heap before GC invocations=6 (full 1):
 PSYoungGen      total 116736K, used 116720K [0x000000076e000000, 0x0000000776180000, 0x00000007c0000000)
  eden space 106496K, 100% used [0x000000076e000000,0x0000000774800000,0x0000000774800000)
  from space 10240K, 99% used [0x0000000775200000,0x0000000775bfc130,0x0000000775c00000)
  to   space 10240K, 0% used [0x0000000774800000,0x0000000774800000,0x0000000775200000)
 ParOldGen       total 114176K, used 19304K [0x00000006ca000000, 0x00000006d0f80000, 0x000000076e000000)
  object space 114176K, 16% used [0x00000006ca000000,0x00000006cb2da138,0x00000006d0f80000)
 Metaspace       used 26909K, capacity 27146K, committed 27440K, reserved 1073152K
  class space    used 3770K, capacity 3841K, committed 3888K, reserved 1048576K
Event: 2.216 GC heap after
Heap after GC invocations=6 (full 1):
 PSYoungGen      total 116736K, used 10215K [0x000000076e000000, 0x000000077c880000, 0x00000007c0000000)
  eden space 106496K, 0% used [0x000000076e000000,0x000000076e000000,0x0000000774800000)
  from space 10240K, 99% used [0x0000000774800000,0x00000007751f9c50,0x0000000775200000)
  to   space 23552K, 0% used [0x000000077b180000,0x000000077b180000,0x000000077c880000)
 ParOldGen       total 114176K, used 32968K [0x00000006ca000000, 0x00000006d0f80000, 0x000000076e000000)
  object space 114176K, 28% used [0x00000006ca000000,0x00000006cc032388,0x00000006d0f80000)
 Metaspace       used 26909K, capacity 27146K, committed 27440K, reserved 1073152K
  class space    used 3770K, capacity 3841K, committed 3888K, reserved 1048576K
}

