# JRE version: Java(TM) SE Runtime Environment (8.0_202-b08) (build 1.8.0_202-b08)
# Java VM: Java HotSpot(TM) 64-Bit Server VM (25.202-b08 mixed mode windows-amd64 compressed oops)
Heap:
 PSYoungGen      total 115712K, used 115414K [0x000000076e000000, 0x000000077c900000, 0x00000007c0000000)
  eden space 105472K, 99% used [0x000000076e000000,0x00000007746bdb28,0x0000000774700000)
  from space 10240K, 99% used [0x0000000774700000,0x00000007750f8020,0x0000000775100000)
  to   space 22528K, 59% used [0x000000077b300000,0x000000077c014b00,0x000000077c900000)
 ParOldGen       total 113152K, used 31725K [0x00000006ca000000, 0x00000006d0e80000, 0x000000076e000000)
  object space 113152K, 28% used [0x00000006ca000000,0x00000006cbefb600,0x00000006d0e80000)
 Metaspace       used 31409K, capacity 31649K, committed 31920K, reserved 1077248K
  class space    used 4126K, capacity 4199K, committed 4272K, reserved 1048576K
GC Heap History (10 events):
Event: 1.263 GC heap before
{Heap before GC invocations=2 (full 1):
 PSYoungGen      total 73728K, used 6031K [0x000000076e000000, 0x0000000773200000, 0x00000007c0000000)
  eden space 63488K, 0% used [0x000000076e000000,0x000000076e000000,0x0000000771e00000)
  from space 10240K, 58% used [0x0000000771e00000,0x00000007723e3f38,0x0000000772800000)
  to   space 10240K, 0% used [0x0000000772800000,0x0000000772800000,0x0000000773200000)
 ParOldGen       total 167936K, used 72K [0x00000006ca000000, 0x00000006d4400000, 0x000000076e000000)
  object space 167936K, 0% used [0x00000006ca000000,0x00000006ca012010,0x00000006d4400000)
 Metaspace       used 21159K, capacity 21256K, committed 21296K, reserved 1067008K
  class space    used 3060K, capacity 3094K, committed 3120K, reserved 1048576K
Event: 1.275 GC heap after
Heap after GC invocations=2 (full 1):
 PSYoungGen      total 73728K, used 0K [0x000000076e000000, 0x0000000773200000, 0x00000007c0000000)
  eden space 63488K, 0% used [0x000000076e000000,0x000000076e000000,0x0000000771e00000)
  from space 10240K, 0% used [0x0000000771e00000,0x0000000771e00000,0x0000000772800000)
  to   space 10240K, 0% used [0x0000000772800000,0x0000000772800000,0x0000000773200000)
 ParOldGen       total 113152K, used 5744K [0x00000006ca000000, 0x00000006d0e80000, 0x000000076e000000)
  object space 113152K, 5% used [0x00000006ca000000,0x00000006ca59c288,0x00000006d0e80000)
 Metaspace       used 21159K, capacity 21256K, committed 21296K, reserved 1067008K
  class space    used 3060K, capacity 3094K, committed 3120K, reserved 1048576K
}
Event: 1.996 GC heap before
{Heap before GC invocations=3 (full 1):
 PSYoungGen      total 73728K, used 63488K [0x000000076e000000, 0x0000000773200000, 0x00000007c0000000)
  eden space 63488K, 100% used [0x000000076e000000,0x0000000771e00000,0x0000000771e00000)
  from space 10240K, 0% used [0x0000000771e00000,0x0000000771e00000,0x0000000772800000)
  to   space 10240K, 0% used [0x0000000772800000,0x0000000772800000,0x0000000773200000)
 ParOldGen       total 113152K, used 5744K [0x00000006ca000000, 0x00000006d0e80000, 0x000000076e000000)
  object space 113152K, 5% used [0x00000006ca000000,0x00000006ca59c288,0x00000006d0e80000)
 Metaspace       used 26369K, capacity 26570K, committed 26928K, reserved 1073152K
  class space    used 3719K, capacity 3777K, committed 3888K, reserved 1048576K
Event: 2.002 GC heap after
Heap after GC invocations=3 (full 1):
 PSYoungGen      total 73728K, used 7576K [0x000000076e000000, 0x0000000774b00000, 0x00000007c0000000)
  eden space 63488K, 0% used [0x000000076e000000,0x000000076e000000,0x0000000771e00000)
  from space 10240K, 73% used [0x0000000772800000,0x0000000772f66328,0x0000000773200000)
  to   space 10240K, 0% used [0x0000000771e00000,0x0000000771e00000,0x0000000772800000)
 ParOldGen       total 113152K, used 15992K [0x00000006ca000000, 0x00000006d0e80000, 0x000000076e000000)
  object space 113152K, 14% used [0x00000006ca000000,0x00000006caf9e298,0x00000006d0e80000)
 Metaspace       used 26369K, capacity 26570K, committed 26928K, reserved 1073152K
  class space    used 3719K, capacity 3777K, committed 3888K, reserved 1048576K
}
Event: 2.073 GC heap before
{Heap before GC invocations=4 (full 1):
 PSYoungGen      total 73728K, used 71064K [0x000000076e000000, 0x0000000774b00000, 0x00000007c0000000)
  eden space 63488K, 100% used [0x000000076e000000,0x0000000771e00000,0x0000000771e00000)
  from space 10240K, 73% used [0x0000000772800000,0x0000000772f66328,0x0000000773200000)
  to   space 10240K, 0% used [0x0000000771e00000,0x0000000771e00000,0x0000000772800000)
 ParOldGen       total 113152K, used 15992K [0x00000006ca000000, 0x00000006d0e80000, 0x000000076e000000)
  object space 113152K, 14% used [0x00000006ca000000,0x00000006caf9e298,0x00000006d0e80000)
 Metaspace       used 26375K, capacity 26570K, committed 26928K, reserved 1073152K
  class space    used 3719K, capacity 3777K, committed 3888K, reserved 1048576K
Event: 2.076 GC heap after
Heap after GC invocations=4 (full 1):
 PSYoungGen      total 73728K, used 9456K [0x000000076e000000, 0x0000000775b00000, 0x00000007c0000000)
  eden space 63488K, 0% used [0x000000076e000000,0x000000076e000000,0x0000000771e00000)
  from space 10240K, 92% used [0x0000000771e00000,0x000000077273c020,0x0000000772800000)
  to   space 10240K, 0% used [0x0000000775100000,0x0000000775100000,0x0000000775b00000)
 ParOldGen       total 113152K, used 15992K [0x00000006ca000000, 0x00000006d0e80000, 0x000000076e000000)
  object space 113152K, 14% used [0x00000006ca000000,0x00000006caf9e298,0x00000006d0e80000)
 Metaspace       used 26375K, capacity 26570K, committed 26928K, reserved 1073152K
  class space    used 3719K, capacity 3777K, committed 3888K, reserved 1048576K
}
Event: 2.136 GC heap before
{Heap before GC invocations=5 (full 1):
 PSYoungGen      total 73728K, used 72944K [0x000000076e000000, 0x0000000775b00000, 0x00000007c0000000)
  eden space 63488K, 100% used [0x000000076e000000,0x0000000771e00000,0x0000000771e00000)
  from space 10240K, 92% used [0x0000000771e00000,0x000000077273c020,0x0000000772800000)
  to   space 10240K, 0% used [0x0000000775100000,0x0000000775100000,0x0000000775b00000)
 ParOldGen       total 113152K, used 15992K [0x00000006ca000000, 0x00000006d0e80000, 0x000000076e000000)
  object space 113152K, 14% used [0x00000006ca000000,0x00000006caf9e298,0x00000006d0e80000)
 Metaspace       used 26375K, capacity 26570K, committed 26928K, reserved 1073152K
  class space    used 3719K, capacity 3777K, committed 3888K, reserved 1048576K
Event: 2.141 GC heap after
Heap after GC invocations=5 (full 1):
 PSYoungGen      total 115712K, used 10224K [0x000000076e000000, 0x0000000776300000, 0x00000007c0000000)
  eden space 105472K, 0% used [0x000000076e000000,0x000000076e000000,0x0000000774700000)
  from space 10240K, 99% used [0x0000000775100000,0x0000000775afc130,0x0000000775b00000)
  to   space 10240K, 0% used [0x0000000774700000,0x0000000774700000,0x0000000775100000)
 ParOldGen       total 113152K, used 19280K [0x00000006ca000000, 0x00000006d0e80000, 0x000000076e000000)
  object space 113152K, 17% used [0x00000006ca000000,0x00000006cb2d4298,0x00000006d0e80000)
 Metaspace       used 26375K, capacity 26570K, committed 26928K, reserved 1073152K
  class space    used 3719K, capacity 3777K, committed 3888K, reserved 1048576K
}
Event: 2.253 GC heap before
{Heap before GC invocations=6 (full 1):
 PSYoungGen      total 115712K, used 115696K [0x000000076e000000, 0x0000000776300000, 0x00000007c0000000)
  eden space 105472K, 100% used [0x000000076e000000,0x0000000774700000,0x0000000774700000)
  from space 10240K, 99% used [0x0000000775100000,0x0000000775afc130,0x0000000775b00000)
  to   space 10240K, 0% used [0x0000000774700000,0x0000000774700000,0x0000000775100000)
 ParOldGen       total 113152K, used 19280K [0x00000006ca000000, 0x00000006d0e80000, 0x000000076e000000)
  object space 113152K, 17% used [0x00000006ca000000,0x00000006cb2d4298,0x00000006d0e80000)
 Metaspace       used 26582K, capacity 26794K, committed 27184K, reserved 1073152K
  class space    used 3733K, capacity 3809K, committed 3888K, reserved 1048576K
Event: 2.264 GC heap after
Heap after GC invocations=6 (full 1):
 PSYoungGen      total 115712K, used 10208K [0x000000076e000000, 0x000000077c900000, 0x00000007c0000000)
  eden space 105472K, 0% used [0x000000076e000000,0x000000076e000000,0x0000000774700000)
  from space 10240K, 99% used [0x0000000774700000,0x00000007750f8020,0x0000000775100000)
  to   space 22528K, 0% used [0x000000077b300000,0x000000077b300000,0x000000077c900000)
 ParOldGen       total 113152K, used 31725K [0x00000006ca000000, 0x00000006d0e80000, 0x000000076e000000)
  object space 113152K, 28% used [0x00000006ca000000,0x00000006cbefb600,0x00000006d0e80000)
 Metaspace       used 26582K, capacity 26794K, committed 27184K, reserved 1073152K
  class space    used 3733K, capacity 3809K, committed 3888K, reserved 1048576K
}

