# JRE version: Java(TM) SE Runtime Environment (8.0_202-b08) (build 1.8.0_202-b08)
# Java VM: Java HotSpot(TM) 64-Bit Server VM (25.202-b08 mixed mode windows-amd64 compressed oops)
Heap:
 PSYoungGen      total 214528K, used 29251K [0x000000076e000000, 0x000000077f080000, 0x00000007c0000000)
  eden space 190464K, 2% used [0x000000076e000000,0x000000076e516098,0x0000000779a00000)
  from space 24064K, 99% used [0x000000077bf80000,0x000000077d6facf8,0x000000077d700000)
  to   space 38400K, 0% used [0x0000000779a00000,0x0000000779a00000,0x000000077bf80000)
 ParOldGen       total 115712K, used 50578K [0x00000006ca000000, 0x00000006d1100000, 0x000000076e000000)
  object space 115712K, 43% used [0x00000006ca000000,0x00000006cd164a70,0x00000006d1100000)
 Metaspace       used 31324K, capacity 31553K, committed 31920K, reserved 1077248K
  class space    used 4117K, capacity 4167K, committed 4272K, reserved 1048576K
GC Heap History (10 events):
Event: 1.245 GC heap before
{Heap before GC invocations=2 (full 1):
 PSYoungGen      total 73728K, used 5952K [0x000000076e000000, 0x0000000773200000, 0x00000007c0000000)
  eden space 63488K, 0% used [0x000000076e000000,0x000000076e000000,0x0000000771e00000)
  from space 10240K, 58% used [0x0000000771e00000,0x00000007723d03c8,0x0000000772800000)
  to   space 10240K, 0% used [0x0000000772800000,0x0000000772800000,0x0000000773200000)
 ParOldGen       total 167936K, used 72K [0x00000006ca000000, 0x00000006d4400000, 0x000000076e000000)
  object space 167936K, 0% used [0x00000006ca000000,0x00000006ca012010,0x00000006d4400000)
 Metaspace       used 21155K, capacity 21256K, committed 21296K, reserved 1067008K
  class space    used 3056K, capacity 3094K, committed 3120K, reserved 1048576K
Event: 1.256 GC heap after
Heap after GC invocations=2 (full 1):
 PSYoungGen      total 73728K, used 0K [0x000000076e000000, 0x0000000773200000, 0x00000007c0000000)
  eden space 63488K, 0% used [0x000000076e000000,0x000000076e000000,0x0000000771e00000)
  from space 10240K, 0% used [0x0000000771e00000,0x0000000771e00000,0x0000000772800000)
  to   space 10240K, 0% used [0x0000000772800000,0x0000000772800000,0x0000000773200000)
 ParOldGen       total 115712K, used 5721K [0x00000006ca000000, 0x00000006d1100000, 0x000000076e000000)
  object space 115712K, 4% used [0x00000006ca000000,0x00000006ca5966d0,0x00000006d1100000)
 Metaspace       used 21155K, capacity 21256K, committed 21296K, reserved 1067008K
  class space    used 3056K, capacity 3094K, committed 3120K, reserved 1048576K
}
Event: 1.945 GC heap before
{Heap before GC invocations=3 (full 1):
 PSYoungGen      total 73728K, used 63488K [0x000000076e000000, 0x0000000773200000, 0x00000007c0000000)
  eden space 63488K, 100% used [0x000000076e000000,0x0000000771e00000,0x0000000771e00000)
  from space 10240K, 0% used [0x0000000771e00000,0x0000000771e00000,0x0000000772800000)
  to   space 10240K, 0% used [0x0000000772800000,0x0000000772800000,0x0000000773200000)
 ParOldGen       total 115712K, used 5721K [0x00000006ca000000, 0x00000006d1100000, 0x000000076e000000)
  object space 115712K, 4% used [0x00000006ca000000,0x00000006ca5966d0,0x00000006d1100000)
 Metaspace       used 26384K, capacity 26570K, committed 26928K, reserved 1073152K
  class space    used 3722K, capacity 3777K, committed 3888K, reserved 1048576K
Event: 1.951 GC heap after
Heap after GC invocations=3 (full 1):
 PSYoungGen      total 73728K, used 7499K [0x000000076e000000, 0x0000000774c00000, 0x00000007c0000000)
  eden space 63488K, 0% used [0x000000076e000000,0x000000076e000000,0x0000000771e00000)
  from space 10240K, 73% used [0x0000000772800000,0x0000000772f52f88,0x0000000773200000)
  to   space 10240K, 0% used [0x0000000771e00000,0x0000000771e00000,0x0000000772800000)
 ParOldGen       total 115712K, used 15969K [0x00000006ca000000, 0x00000006d1100000, 0x000000076e000000)
  object space 115712K, 13% used [0x00000006ca000000,0x00000006caf986e0,0x00000006d1100000)
 Metaspace       used 26384K, capacity 26570K, committed 26928K, reserved 1073152K
  class space    used 3722K, capacity 3777K, committed 3888K, reserved 1048576K
}
Event: 2.026 GC heap before
{Heap before GC invocations=4 (full 1):
 PSYoungGen      total 73728K, used 70987K [0x000000076e000000, 0x0000000774c00000, 0x00000007c0000000)
  eden space 63488K, 100% used [0x000000076e000000,0x0000000771e00000,0x0000000771e00000)
  from space 10240K, 73% used [0x0000000772800000,0x0000000772f52f88,0x0000000773200000)
  to   space 10240K, 0% used [0x0000000771e00000,0x0000000771e00000,0x0000000772800000)
 ParOldGen       total 115712K, used 15969K [0x00000006ca000000, 0x00000006d1100000, 0x000000076e000000)
  object space 115712K, 13% used [0x00000006ca000000,0x00000006caf986e0,0x00000006d1100000)
 Metaspace       used 26389K, capacity 26570K, committed 26928K, reserved 1073152K
  class space    used 3722K, capacity 3777K, committed 3888K, reserved 1048576K
Event: 2.032 GC heap after
Heap after GC invocations=4 (full 1):
 PSYoungGen      total 73728K, used 9344K [0x000000076e000000, 0x0000000776180000, 0x00000007c0000000)
  eden space 63488K, 0% used [0x000000076e000000,0x000000076e000000,0x0000000771e00000)
  from space 10240K, 91% used [0x0000000771e00000,0x0000000772720140,0x0000000772800000)
  to   space 10240K, 0% used [0x0000000775780000,0x0000000775780000,0x0000000776180000)
 ParOldGen       total 115712K, used 15969K [0x00000006ca000000, 0x00000006d1100000, 0x000000076e000000)
  object space 115712K, 13% used [0x00000006ca000000,0x00000006caf986e0,0x00000006d1100000)
 Metaspace       used 26389K, capacity 26570K, committed 26928K, reserved 1073152K
  class space    used 3722K, capacity 3777K, committed 3888K, reserved 1048576K
}
Event: 2.125 GC heap before
{Heap before GC invocations=5 (full 1):
 PSYoungGen      total 73728K, used 72832K [0x000000076e000000, 0x0000000776180000, 0x00000007c0000000)
  eden space 63488K, 100% used [0x000000076e000000,0x0000000771e00000,0x0000000771e00000)
  from space 10240K, 91% used [0x0000000771e00000,0x0000000772720140,0x0000000772800000)
  to   space 10240K, 0% used [0x0000000775780000,0x0000000775780000,0x0000000776180000)
 ParOldGen       total 115712K, used 15969K [0x00000006ca000000, 0x00000006d1100000, 0x000000076e000000)
  object space 115712K, 13% used [0x00000006ca000000,0x00000006caf986e0,0x00000006d1100000)
 Metaspace       used 26389K, capacity 26570K, committed 26928K, reserved 1073152K
  class space    used 3722K, capacity 3777K, committed 3888K, reserved 1048576K
Event: 2.131 GC heap after
Heap after GC invocations=5 (full 1):
 PSYoungGen      total 122368K, used 10208K [0x000000076e000000, 0x0000000776400000, 0x00000007c0000000)
  eden space 112128K, 0% used [0x000000076e000000,0x000000076e000000,0x0000000774d80000)
  from space 10240K, 99% used [0x0000000775780000,0x0000000776178010,0x0000000776180000)
  to   space 10240K, 0% used [0x0000000774d80000,0x0000000774d80000,0x0000000775780000)
 ParOldGen       total 115712K, used 19241K [0x00000006ca000000, 0x00000006d1100000, 0x000000076e000000)
  object space 115712K, 16% used [0x00000006ca000000,0x00000006cb2ca6f0,0x00000006d1100000)
 Metaspace       used 26389K, capacity 26570K, committed 26928K, reserved 1073152K
  class space    used 3722K, capacity 3777K, committed 3888K, reserved 1048576K
}
Event: 2.311 GC heap before
{Heap before GC invocations=6 (full 1):
 PSYoungGen      total 122368K, used 122336K [0x000000076e000000, 0x0000000776400000, 0x00000007c0000000)
  eden space 112128K, 100% used [0x000000076e000000,0x0000000774d80000,0x0000000774d80000)
  from space 10240K, 99% used [0x0000000775780000,0x0000000776178010,0x0000000776180000)
  to   space 10240K, 0% used [0x0000000774d80000,0x0000000774d80000,0x0000000775780000)
 ParOldGen       total 115712K, used 19241K [0x00000006ca000000, 0x00000006d1100000, 0x000000076e000000)
  object space 115712K, 16% used [0x00000006ca000000,0x00000006cb2ca6f0,0x00000006d1100000)
 Metaspace       used 26939K, capacity 27146K, committed 27440K, reserved 1073152K
  class space    used 3771K, capacity 3841K, committed 3888K, reserved 1048576K
Event: 2.322 GC heap after
Heap after GC invocations=6 (full 1):
 PSYoungGen      total 122368K, used 10231K [0x000000076e000000, 0x000000077d700000, 0x00000007c0000000)
  eden space 112128K, 0% used [0x000000076e000000,0x000000076e000000,0x0000000774d80000)
  from space 10240K, 99% used [0x0000000774d80000,0x000000077577dc50,0x0000000775780000)
  to   space 24064K, 0% used [0x000000077bf80000,0x000000077bf80000,0x000000077d700000)
 ParOldGen       total 115712K, used 33723K [0x00000006ca000000, 0x00000006d1100000, 0x000000076e000000)
  object space 115712K, 29% used [0x00000006ca000000,0x00000006cc0eede0,0x00000006d1100000)
 Metaspace       used 26939K, capacity 27146K, committed 27440K, reserved 1073152K
  class space    used 3771K, capacity 3841K, committed 3888K, reserved 1048576K
}

