# JRE version: Java(TM) SE Runtime Environment (8.0_202-b08) (build 1.8.0_202-b08)
# Java VM: Java HotSpot(TM) 64-Bit Server VM (25.202-b08 mixed mode windows-amd64 compressed oops)
Heap:
 PSYoungGen      total 118784K, used 96938K [0x000000076e000000, 0x000000077d080000, 0x00000007c0000000)
  eden space 108544K, 79% used [0x000000076e000000,0x00000007734b2ba8,0x0000000774a00000)
  from space 10240K, 99% used [0x0000000774a00000,0x00000007753f8020,0x0000000775400000)
  to   space 23552K, 0% used [0x000000077b980000,0x000000077b980000,0x000000077d080000)
 ParOldGen       total 115712K, used 32593K [0x00000006ca000000, 0x00000006d1100000, 0x000000076e000000)
  object space 115712K, 28% used [0x00000006ca000000,0x00000006cbfd4488,0x00000006d1100000)
 Metaspace       used 31353K, capacity 31585K, committed 31920K, reserved 1077248K
  class space    used 4124K, capacity 4199K, committed 4272K, reserved 1048576K
GC Heap History (10 events):
Event: 1.206 GC heap before
{Heap before GC invocations=2 (full 1):
 PSYoungGen      total 73728K, used 5916K [0x000000076e000000, 0x0000000773200000, 0x00000007c0000000)
  eden space 63488K, 0% used [0x000000076e000000,0x000000076e000000,0x0000000771e00000)
  from space 10240K, 57% used [0x0000000771e00000,0x00000007723c73c8,0x0000000772800000)
  to   space 10240K, 0% used [0x0000000772800000,0x0000000772800000,0x0000000773200000)
 ParOldGen       total 167936K, used 72K [0x00000006ca000000, 0x00000006d4400000, 0x000000076e000000)
  object space 167936K, 0% used [0x00000006ca000000,0x00000006ca012010,0x00000006d4400000)
 Metaspace       used 21159K, capacity 21256K, committed 21296K, reserved 1067008K
  class space    used 3060K, capacity 3094K, committed 3120K, reserved 1048576K
Event: 1.217 GC heap after
Heap after GC invocations=2 (full 1):
 PSYoungGen      total 73728K, used 0K [0x000000076e000000, 0x0000000773200000, 0x00000007c0000000)
  eden space 63488K, 0% used [0x000000076e000000,0x000000076e000000,0x0000000771e00000)
  from space 10240K, 0% used [0x0000000771e00000,0x0000000771e00000,0x0000000772800000)
  to   space 10240K, 0% used [0x0000000772800000,0x0000000772800000,0x0000000773200000)
 ParOldGen       total 115712K, used 5724K [0x00000006ca000000, 0x00000006d1100000, 0x000000076e000000)
  object space 115712K, 4% used [0x00000006ca000000,0x00000006ca597280,0x00000006d1100000)
 Metaspace       used 21159K, capacity 21256K, committed 21296K, reserved 1067008K
  class space    used 3060K, capacity 3094K, committed 3120K, reserved 1048576K
}
Event: 1.876 GC heap before
{Heap before GC invocations=3 (full 1):
 PSYoungGen      total 73728K, used 63488K [0x000000076e000000, 0x0000000773200000, 0x00000007c0000000)
  eden space 63488K, 100% used [0x000000076e000000,0x0000000771e00000,0x0000000771e00000)
  from space 10240K, 0% used [0x0000000771e00000,0x0000000771e00000,0x0000000772800000)
  to   space 10240K, 0% used [0x0000000772800000,0x0000000772800000,0x0000000773200000)
 ParOldGen       total 115712K, used 5724K [0x00000006ca000000, 0x00000006d1100000, 0x000000076e000000)
  object space 115712K, 4% used [0x00000006ca000000,0x00000006ca597280,0x00000006d1100000)
 Metaspace       used 26368K, capacity 26570K, committed 26928K, reserved 1073152K
  class space    used 3720K, capacity 3777K, committed 3888K, reserved 1048576K
Event: 1.883 GC heap after
Heap after GC invocations=3 (full 1):
 PSYoungGen      total 73728K, used 7479K [0x000000076e000000, 0x0000000774b80000, 0x00000007c0000000)
  eden space 63488K, 0% used [0x000000076e000000,0x000000076e000000,0x0000000771e00000)
  from space 10240K, 73% used [0x0000000772800000,0x0000000772f4dc80,0x0000000773200000)
  to   space 10240K, 0% used [0x0000000771e00000,0x0000000771e00000,0x0000000772800000)
 ParOldGen       total 115712K, used 15972K [0x00000006ca000000, 0x00000006d1100000, 0x000000076e000000)
  object space 115712K, 13% used [0x00000006ca000000,0x00000006caf99290,0x00000006d1100000)
 Metaspace       used 26368K, capacity 26570K, committed 26928K, reserved 1073152K
  class space    used 3720K, capacity 3777K, committed 3888K, reserved 1048576K
}
Event: 1.946 GC heap before
{Heap before GC invocations=4 (full 1):
 PSYoungGen      total 73728K, used 70967K [0x000000076e000000, 0x0000000774b80000, 0x00000007c0000000)
  eden space 63488K, 100% used [0x000000076e000000,0x0000000771e00000,0x0000000771e00000)
  from space 10240K, 73% used [0x0000000772800000,0x0000000772f4dc80,0x0000000773200000)
  to   space 10240K, 0% used [0x0000000771e00000,0x0000000771e00000,0x0000000772800000)
 ParOldGen       total 115712K, used 15972K [0x00000006ca000000, 0x00000006d1100000, 0x000000076e000000)
  object space 115712K, 13% used [0x00000006ca000000,0x00000006caf99290,0x00000006d1100000)
 Metaspace       used 26373K, capacity 26570K, committed 26928K, reserved 1073152K
  class space    used 3720K, capacity 3777K, committed 3888K, reserved 1048576K
Event: 1.950 GC heap after
Heap after GC invocations=4 (full 1):
 PSYoungGen      total 73728K, used 9392K [0x000000076e000000, 0x0000000775e00000, 0x00000007c0000000)
  eden space 63488K, 0% used [0x000000076e000000,0x000000076e000000,0x0000000771e00000)
  from space 10240K, 91% used [0x0000000771e00000,0x000000077272c020,0x0000000772800000)
  to   space 10240K, 0% used [0x0000000775400000,0x0000000775400000,0x0000000775e00000)
 ParOldGen       total 115712K, used 15972K [0x00000006ca000000, 0x00000006d1100000, 0x000000076e000000)
  object space 115712K, 13% used [0x00000006ca000000,0x00000006caf99290,0x00000006d1100000)
 Metaspace       used 26373K, capacity 26570K, committed 26928K, reserved 1073152K
  class space    used 3720K, capacity 3777K, committed 3888K, reserved 1048576K
}
Event: 2.009 GC heap before
{Heap before GC invocations=5 (full 1):
 PSYoungGen      total 73728K, used 72880K [0x000000076e000000, 0x0000000775e00000, 0x00000007c0000000)
  eden space 63488K, 100% used [0x000000076e000000,0x0000000771e00000,0x0000000771e00000)
  from space 10240K, 91% used [0x0000000771e00000,0x000000077272c020,0x0000000772800000)
  to   space 10240K, 0% used [0x0000000775400000,0x0000000775400000,0x0000000775e00000)
 ParOldGen       total 115712K, used 15972K [0x00000006ca000000, 0x00000006d1100000, 0x000000076e000000)
  object space 115712K, 13% used [0x00000006ca000000,0x00000006caf99290,0x00000006d1100000)
 Metaspace       used 26373K, capacity 26570K, committed 26928K, reserved 1073152K
  class space    used 3720K, capacity 3777K, committed 3888K, reserved 1048576K
Event: 2.014 GC heap after
Heap after GC invocations=5 (full 1):
 PSYoungGen      total 118784K, used 10224K [0x000000076e000000, 0x0000000776400000, 0x00000007c0000000)
  eden space 108544K, 0% used [0x000000076e000000,0x000000076e000000,0x0000000774a00000)
  from space 10240K, 99% used [0x0000000775400000,0x0000000775dfc020,0x0000000775e00000)
  to   space 10240K, 0% used [0x0000000774a00000,0x0000000774a00000,0x0000000775400000)
 ParOldGen       total 115712K, used 19228K [0x00000006ca000000, 0x00000006d1100000, 0x000000076e000000)
  object space 115712K, 16% used [0x00000006ca000000,0x00000006cb2c7290,0x00000006d1100000)
 Metaspace       used 26373K, capacity 26570K, committed 26928K, reserved 1073152K
  class space    used 3720K, capacity 3777K, committed 3888K, reserved 1048576K
}
Event: 2.166 GC heap before
{Heap before GC invocations=6 (full 1):
 PSYoungGen      total 118784K, used 118768K [0x000000076e000000, 0x0000000776400000, 0x00000007c0000000)
  eden space 108544K, 100% used [0x000000076e000000,0x0000000774a00000,0x0000000774a00000)
  from space 10240K, 99% used [0x0000000775400000,0x0000000775dfc020,0x0000000775e00000)
  to   space 10240K, 0% used [0x0000000774a00000,0x0000000774a00000,0x0000000775400000)
 ParOldGen       total 115712K, used 19228K [0x00000006ca000000, 0x00000006d1100000, 0x000000076e000000)
  object space 115712K, 16% used [0x00000006ca000000,0x00000006cb2c7290,0x00000006d1100000)
 Metaspace       used 26819K, capacity 27050K, committed 27440K, reserved 1073152K
  class space    used 3759K, capacity 3809K, committed 3888K, reserved 1048576K
Event: 2.178 GC heap after
Heap after GC invocations=6 (full 1):
 PSYoungGen      total 118784K, used 10208K [0x000000076e000000, 0x000000077d080000, 0x00000007c0000000)
  eden space 108544K, 0% used [0x000000076e000000,0x000000076e000000,0x0000000774a00000)
  from space 10240K, 99% used [0x0000000774a00000,0x00000007753f8020,0x0000000775400000)
  to   space 23552K, 0% used [0x000000077b980000,0x000000077b980000,0x000000077d080000)
 ParOldGen       total 115712K, used 32593K [0x00000006ca000000, 0x00000006d1100000, 0x000000076e000000)
  object space 115712K, 28% used [0x00000006ca000000,0x00000006cbfd4488,0x00000006d1100000)
 Metaspace       used 26819K, capacity 27050K, committed 27440K, reserved 1073152K
  class space    used 3759K, capacity 3809K, committed 3888K, reserved 1048576K
}

